<?xml version="1.0" encoding="UTF-8"?>
<!-- Generated by org.testng.reporters.JUnitXMLReporter -->
<testsuite ignored="0" hostname="LAPTOP-VOGEQ752" failures="0" tests="8" name="Test" time="0.039" errors="0" timestamp="2023-01-10T16:08:35 IST">
  <testcase classname="com.ecom.osa.practice.TestNGprac1" name="script1" time="0.004"/>
  <testcase classname="com.ecom.osa.practice.TestNGprac1" name="script2" time="0.001"/>
  <testcase classname="com.ecom.osa.practice.TestNGprac4" name="script7" time="0.001"/>
  <testcase classname="com.ecom.osa.practice.TestNGprac4" name="script8" time="0.0"/>
  <testcase classname="com.ecom.osa.practice.TestNGprac2" name="script3" time="0.001"/>
  <testcase classname="com.ecom.osa.practice.TestNGprac2" name="script4" time="0.0"/>
  <testcase classname="com.ecom.osa.practice.TestNGprac3" name="script5" time="0.001"/>
  <testcase classname="com.ecom.osa.practice.TestNGprac3" name="script6" time="0.0"/>
</testsuite> <!-- Test -->
